200325-17:33:13 [INFO] -- 
200325-17:33:13 [INFO] -- 
200325-17:33:13 [INFO] -- ============================================================
200325-17:33:13 [INFO] -- PCSStarter: Application Starting...
200325-17:33:13 [FINE] -- PCSStarter: registering timer
200325-17:33:13 [FINE] -- timer: created!
200325-17:33:13 [FINE] -- PCSStarter: registering PCSCore
200325-17:33:13 [FINE] -- PCSCore: created!
200325-17:33:13 [FINE] -- PCSStarter: registering GateHandler
200325-17:33:13 [FINE] -- GateHandler: created!
200325-17:33:13 [FINE] -- PCSStarter: registering PayMachineHandler
200325-17:33:13 [FINE] -- PayMachineHandler: created!
200325-17:33:13 [INFO] -- timer: starting...
200325-17:33:13 [INFO] -- GateHandler: starting...
200325-17:33:13 [INFO] -- PayMachineHandler: starting...
200325-17:33:13 [INFO] -- PCSCore: starting...
200325-17:33:18 [FINE] -- PCSCore: message received: [Timer (TimesUp) -- {TimesUp 00002 0}].
200325-17:33:18 [INFO] -- ------------------------------------------------------------
200325-17:33:18 [INFO] -- PCSCore: Open the gate now (for demo only!!!)
200325-17:33:18 [FINE] -- GateHandler: message received: [PCSCore (GateOpenRequest) -- {}].
200325-17:33:18 [INFO] -- GateHandler: gate open request received
200325-17:33:18 [INFO] -- GateHandler: send signal to open the gate now.
200325-17:33:18 [INFO] -- GateHandler: sending gate open signal to hardware.
200325-17:33:18 [FINE] -- GateHandler: gate status change: GateClosed --> GateOpening
200325-17:33:23 [FINE] -- PCSCore: message received: [Timer (TimesUp) -- {TimesUp 00002 0}].
200325-17:33:23 [INFO] -- ------------------------------------------------------------
200325-17:33:23 [INFO] -- PCSCore: Open the gate now (for demo only!!!)
200325-17:33:23 [FINE] -- GateHandler: message received: [PCSCore (GateOpenRequest) -- {}].
200325-17:33:23 [INFO] -- GateHandler: gate open request received
200325-17:33:23 [WARNING] -- GateHandler: gate is already opening!!  Ignore request.
200325-17:33:28 [FINE] -- PCSCore: message received: [Timer (TimesUp) -- {TimesUp 00002 0}].
200325-17:33:28 [INFO] -- ------------------------------------------------------------
200325-17:33:28 [INFO] -- PCSCore: Open the gate now (for demo only!!!)
200325-17:33:28 [FINE] -- GateHandler: message received: [PCSCore (GateOpenRequest) -- {}].
200325-17:33:28 [INFO] -- GateHandler: gate open request received
200325-17:33:28 [WARNING] -- GateHandler: gate is already opening!!  Ignore request.
